Error: Unable to access jarfile build/libs/ams-1.0.0-SNAPSHOT2022_02_25_00_35_19.jar
Error: Unable to access jarfile build/libs/ams-1.0.0-SNAPSHOT2022_02_25_00_37_01.jar
Error: Unable to access jarfile target/ams-1.0.0-SNAPSHOT2022_02_25_00_45_38.jar
Error: Unable to access jarfile target/ams-0.1.jar2022_02_25_00_47_40.jar

  .   ____          _            __ _ _
 /\\ / ___'_ __ _ _(_)_ __  __ _ \ \ \ \
( ( )\___ | '_ | '_| | '_ \/ _` | \ \ \ \
 \\/  ___)| |_)| | | | | || (_| |  ) ) ) )
  '  |____| .__|_| |_|_| |_\__, | / / / /
 =========|_|==============|___/=/_/_/_/
 :: Spring Boot ::                (v2.6.2)

2022-02-25 00:49:59.303  INFO 3580 --- [           main] a.AttendenceManagementSystemApplication  : Starting AttendenceManagementSystemApplication v0.1 using Java 11.0.12 on Apples-MacBook-Air.local with PID 3580 (/Users/nagarajskharvi/Documents/work/extra/attendence-management-system/target/ams-0.12022_02_25_00_49_52.jar started by nagarajskharvi in /Users/nagarajskharvi/Documents/work/extra/attendence-management-system)
2022-02-25 00:49:59.307  INFO 3580 --- [           main] a.AttendenceManagementSystemApplication  : No active profile set, falling back to default profiles: default
2022-02-25 00:50:00.470  INFO 3580 --- [           main] .s.d.r.c.RepositoryConfigurationDelegate : Bootstrapping Spring Data JPA repositories in DEFAULT mode.
2022-02-25 00:50:00.754  INFO 3580 --- [           main] .s.d.r.c.RepositoryConfigurationDelegate : Finished Spring Data repository scanning in 269 ms. Found 7 JPA repository interfaces.
2022-02-25 00:50:01.735  INFO 3580 --- [           main] o.s.b.w.embedded.tomcat.TomcatWebServer  : Tomcat initialized with port(s): 9999 (http)
2022-02-25 00:50:01.752  INFO 3580 --- [           main] o.apache.catalina.core.StandardService   : Starting service [Tomcat]
2022-02-25 00:50:01.752  INFO 3580 --- [           main] org.apache.catalina.core.StandardEngine  : Starting Servlet engine: [Apache Tomcat/9.0.56]
2022-02-25 00:50:01.832  INFO 3580 --- [           main] o.a.c.c.C.[Tomcat].[localhost].[/ams]    : Initializing Spring embedded WebApplicationContext
2022-02-25 00:50:01.832  INFO 3580 --- [           main] w.s.c.ServletWebServerApplicationContext : Root WebApplicationContext: initialization completed in 2427 ms
2022-02-25 00:50:01.886  INFO 3580 --- [           main] com.zaxxer.hikari.HikariDataSource       : HikariPool-1 - Starting...
2022-02-25 00:50:02.160  INFO 3580 --- [           main] com.zaxxer.hikari.HikariDataSource       : HikariPool-1 - Start completed.
2022-02-25 00:50:02.174  INFO 3580 --- [           main] o.s.b.a.h2.H2ConsoleAutoConfiguration    : H2 console available at '/h2-console'. Database available at 'jdbc:h2:mem:testdb'
2022-02-25 00:50:02.468  INFO 3580 --- [           main] o.hibernate.jpa.internal.util.LogHelper  : HHH000204: Processing PersistenceUnitInfo [name: default]
2022-02-25 00:50:02.522  INFO 3580 --- [           main] org.hibernate.Version                    : HHH000412: Hibernate ORM core version 5.6.3.Final
2022-02-25 00:50:02.775  INFO 3580 --- [           main] o.hibernate.annotations.common.Version   : HCANN000001: Hibernate Commons Annotations {5.1.2.Final}
2022-02-25 00:50:02.941  INFO 3580 --- [           main] org.hibernate.dialect.Dialect            : HHH000400: Using dialect: org.hibernate.dialect.H2Dialect
Hibernate: drop table if exists attendance CASCADE 
Hibernate: drop table if exists attendance_s_ids CASCADE 
Hibernate: drop table if exists class_period CASCADE 
Hibernate: drop table if exists class_section CASCADE 
Hibernate: drop table if exists section_subject CASCADE 
Hibernate: drop table if exists stud_class CASCADE 
Hibernate: drop table if exists student CASCADE 
Hibernate: drop table if exists teacher CASCADE 
Hibernate: drop table if exists teacher_subject CASCADE 
Hibernate: drop table if exists user CASCADE 
Hibernate: create table attendance (attendance_id bigint generated by default as identity, date date, period_id bigint, subject_id bigint, teach_id bigint, primary key (attendance_id))
Hibernate: create table attendance_s_ids (attendance_attendance_id bigint not null, s_ids bigint)
Hibernate: create table class_period (period_id bigint generated by default as identity, from_time time, to_time time, primary key (period_id))
Hibernate: create table class_section (section_id bigint generated by default as identity, class_id bigint, section_name varchar(255), primary key (section_id))
Hibernate: create table section_subject (subject_id bigint generated by default as identity, section_id bigint, subject_name varchar(255), primary key (subject_id))
Hibernate: create table stud_class (class_id bigint generated by default as identity, class_name varchar(255), primary key (class_id))
Hibernate: create table student (id bigint generated by default as identity, dob date, first_name varchar(255), last_name varchar(255), middle_name varchar(255), mobile_number bigint, profile blob, role_number varchar(255), primary key (id))
Hibernate: create table teacher (teach_id bigint generated by default as identity, dob date, first_name varchar(255), last_name varchar(255), middle_name varchar(255), mobile_number bigint, teacher_number varchar(255), primary key (teach_id))
Hibernate: create table teacher_subject (teach_id bigint not null, sub_id bigint, primary key (teach_id))
Hibernate: create table user (user_id varchar(255) generated by default as identity, password varchar(255), username varchar(255), primary key (user_id))
Hibernate: alter table attendance_s_ids add constraint FK1v6wu65waewosnb38qk45ja3m foreign key (attendance_attendance_id) references attendance
Hibernate: alter table class_section add constraint FKi65yeqy1o7n4icu1k47mm7y98 foreign key (class_id) references stud_class
Hibernate: alter table section_subject add constraint FK5dj7hfbr9t0h0dt9asmovsx4c foreign key (section_id) references class_section
Hibernate: alter table teacher_subject add constraint FKt9a9wm630o9m56thomepqribr foreign key (teach_id) references teacher
2022-02-25 00:50:03.770  INFO 3580 --- [           main] o.h.e.t.j.p.i.JtaPlatformInitiator       : HHH000490: Using JtaPlatform implementation: [org.hibernate.engine.transaction.jta.platform.internal.NoJtaPlatform]
2022-02-25 00:50:03.778  INFO 3580 --- [           main] j.LocalContainerEntityManagerFactoryBean : Initialized JPA EntityManagerFactory for persistence unit 'default'
2022-02-25 00:50:04.628  WARN 3580 --- [           main] JpaBaseConfiguration$JpaWebConfiguration : spring.jpa.open-in-view is enabled by default. Therefore, database queries may be performed during view rendering. Explicitly configure spring.jpa.open-in-view to disable this warning
2022-02-25 00:50:05.259  INFO 3580 --- [           main] o.s.b.w.embedded.tomcat.TomcatWebServer  : Tomcat started on port(s): 9999 (http) with context path '/ams'
2022-02-25 00:50:05.280  INFO 3580 --- [           main] a.AttendenceManagementSystemApplication  : Started AttendenceManagementSystemApplication in 11.75 seconds (JVM running for 12.609)
Hibernate: insert into stud_class (class_id, class_name) values (null, ?)
Hibernate: insert into stud_class (class_id, class_name) values (null, ?)
Hibernate: insert into stud_class (class_id, class_name) values (null, ?)
Hibernate: insert into stud_class (class_id, class_name) values (null, ?)
Hibernate: insert into stud_class (class_id, class_name) values (null, ?)
Hibernate: insert into stud_class (class_id, class_name) values (null, ?)
Hibernate: insert into stud_class (class_id, class_name) values (null, ?)
Hibernate: insert into class_section (section_id, class_id, section_name) values (null, ?, ?)
Hibernate: insert into class_section (section_id, class_id, section_name) values (null, ?, ?)
Hibernate: insert into class_section (section_id, class_id, section_name) values (null, ?, ?)
Hibernate: insert into class_section (section_id, class_id, section_name) values (null, ?, ?)
Hibernate: insert into class_section (section_id, class_id, section_name) values (null, ?, ?)
Hibernate: insert into section_subject (subject_id, section_id, subject_name) values (null, ?, ?)
Hibernate: insert into section_subject (subject_id, section_id, subject_name) values (null, ?, ?)
Hibernate: insert into section_subject (subject_id, section_id, subject_name) values (null, ?, ?)
Hibernate: insert into section_subject (subject_id, section_id, subject_name) values (null, ?, ?)
Hibernate: insert into section_subject (subject_id, section_id, subject_name) values (null, ?, ?)
Hibernate: insert into section_subject (subject_id, section_id, subject_name) values (null, ?, ?)
Hibernate: insert into class_period (period_id, from_time, to_time) values (null, ?, ?)
Hibernate: insert into class_period (period_id, from_time, to_time) values (null, ?, ?)
Hibernate: insert into class_period (period_id, from_time, to_time) values (null, ?, ?)
Hibernate: insert into class_period (period_id, from_time, to_time) values (null, ?, ?)
Hibernate: insert into attendance (attendance_id, date, period_id, subject_id, teach_id) values (null, ?, ?, ?, ?)
Hibernate: insert into attendance_s_ids (attendance_attendance_id, s_ids) values (?, ?)
Hibernate: insert into attendance_s_ids (attendance_attendance_id, s_ids) values (?, ?)
Hibernate: insert into attendance_s_ids (attendance_attendance_id, s_ids) values (?, ?)
2022-02-25 00:50:05.417  INFO 3580 --- [           main] ConditionEvaluationReportLoggingListener : 

Error starting ApplicationContext. To display the conditions report re-run your application with 'debug' enabled.
2022-02-25 00:50:05.442 ERROR 3580 --- [           main] o.s.boot.SpringApplication               : Application run failed

java.lang.IllegalStateException: Failed to execute CommandLineRunner
	at org.springframework.boot.SpringApplication.callRunner(SpringApplication.java:770) ~[spring-boot-2.6.2.jar!/:2.6.2]
	at org.springframework.boot.SpringApplication.callRunners(SpringApplication.java:751) ~[spring-boot-2.6.2.jar!/:2.6.2]
	at org.springframework.boot.SpringApplication.run(SpringApplication.java:309) ~[spring-boot-2.6.2.jar!/:2.6.2]
	at org.springframework.boot.SpringApplication.run(SpringApplication.java:1301) ~[spring-boot-2.6.2.jar!/:2.6.2]
	at org.springframework.boot.SpringApplication.run(SpringApplication.java:1290) ~[spring-boot-2.6.2.jar!/:2.6.2]
	at ams.AttendenceManagementSystemApplication.main(AttendenceManagementSystemApplication.java:55) ~[classes!/:0.1]
	at java.base/jdk.internal.reflect.NativeMethodAccessorImpl.invoke0(Native Method) ~[na:na]
	at java.base/jdk.internal.reflect.NativeMethodAccessorImpl.invoke(NativeMethodAccessorImpl.java:62) ~[na:na]
	at java.base/jdk.internal.reflect.DelegatingMethodAccessorImpl.invoke(DelegatingMethodAccessorImpl.java:43) ~[na:na]
	at java.base/java.lang.reflect.Method.invoke(Method.java:566) ~[na:na]
	at org.springframework.boot.loader.MainMethodRunner.run(MainMethodRunner.java:49) ~[ams-0.12022_02_25_00_49_52.jar:0.1]
	at org.springframework.boot.loader.Launcher.launch(Launcher.java:108) ~[ams-0.12022_02_25_00_49_52.jar:0.1]
	at org.springframework.boot.loader.Launcher.launch(Launcher.java:58) ~[ams-0.12022_02_25_00_49_52.jar:0.1]
	at org.springframework.boot.loader.JarLauncher.main(JarLauncher.java:88) ~[ams-0.12022_02_25_00_49_52.jar:0.1]
Caused by: java.io.FileNotFoundException: class path resource [static/Profile.jpg] cannot be resolved to absolute file path because it does not reside in the file system: jar:file:/Users/nagarajskharvi/Documents/work/extra/attendence-management-system/target/ams-0.12022_02_25_00_49_52.jar!/BOOT-INF/classes!/static/Profile.jpg
	at org.springframework.util.ResourceUtils.getFile(ResourceUtils.java:217) ~[spring-core-5.3.14.jar!/:5.3.14]
	at org.springframework.core.io.AbstractFileResolvingResource.getFile(AbstractFileResolvingResource.java:162) ~[spring-core-5.3.14.jar!/:5.3.14]
	at ams.AttendenceManagementSystemApplication.run(AttendenceManagementSystemApplication.java:95) ~[classes!/:0.1]
	at org.springframework.boot.SpringApplication.callRunner(SpringApplication.java:767) ~[spring-boot-2.6.2.jar!/:2.6.2]
	... 13 common frames omitted

2022-02-25 00:50:05.499  INFO 3580 --- [           main] j.LocalContainerEntityManagerFactoryBean : Closing JPA EntityManagerFactory for persistence unit 'default'
2022-02-25 00:50:05.499  INFO 3580 --- [           main] .SchemaDropperImpl$DelayedDropActionImpl : HHH000477: Starting delayed evictData of schema as part of SessionFactory shut-down'
Hibernate: drop table if exists attendance CASCADE 
Hibernate: drop table if exists attendance_s_ids CASCADE 
Hibernate: drop table if exists class_period CASCADE 
Hibernate: drop table if exists class_section CASCADE 
Hibernate: drop table if exists section_subject CASCADE 
Hibernate: drop table if exists stud_class CASCADE 
Hibernate: drop table if exists student CASCADE 
Hibernate: drop table if exists teacher CASCADE 
Hibernate: drop table if exists teacher_subject CASCADE 
Hibernate: drop table if exists user CASCADE 
2022-02-25 00:50:05.522  INFO 3580 --- [           main] com.zaxxer.hikari.HikariDataSource       : HikariPool-1 - Shutdown initiated...
2022-02-25 00:50:05.527  INFO 3580 --- [           main] com.zaxxer.hikari.HikariDataSource       : HikariPool-1 - Shutdown completed.
Error: Unable to access jarfile target/ams-0.1.jar

  .   ____          _            __ _ _
 /\\ / ___'_ __ _ _(_)_ __  __ _ \ \ \ \
( ( )\___ | '_ | '_| | '_ \/ _` | \ \ \ \
 \\/  ___)| |_)| | | | | || (_| |  ) ) ) )
  '  |____| .__|_| |_|_| |_\__, | / / / /
 =========|_|==============|___/=/_/_/_/
 :: Spring Boot ::                (v2.6.2)

2022-02-25 00:57:11.419  INFO 3691 --- [           main] a.AttendenceManagementSystemApplication  : Starting AttendenceManagementSystemApplication v0.1 using Java 11.0.12 on Apples-MacBook-Air.local with PID 3691 (/Users/nagarajskharvi/Documents/work/extra/attendence-management-system/target/ams-0.1.jar started by nagarajskharvi in /Users/nagarajskharvi/Documents/work/extra/attendence-management-system)
2022-02-25 00:57:11.422  INFO 3691 --- [           main] a.AttendenceManagementSystemApplication  : No active profile set, falling back to default profiles: default
2022-02-25 00:57:12.573  INFO 3691 --- [           main] .s.d.r.c.RepositoryConfigurationDelegate : Bootstrapping Spring Data JPA repositories in DEFAULT mode.
2022-02-25 00:57:12.852  INFO 3691 --- [           main] .s.d.r.c.RepositoryConfigurationDelegate : Finished Spring Data repository scanning in 266 ms. Found 7 JPA repository interfaces.
2022-02-25 00:57:13.651  INFO 3691 --- [           main] o.s.b.w.embedded.tomcat.TomcatWebServer  : Tomcat initialized with port(s): 9999 (http)
2022-02-25 00:57:13.664  INFO 3691 --- [           main] o.apache.catalina.core.StandardService   : Starting service [Tomcat]
2022-02-25 00:57:13.665  INFO 3691 --- [           main] org.apache.catalina.core.StandardEngine  : Starting Servlet engine: [Apache Tomcat/9.0.56]
2022-02-25 00:57:13.728  INFO 3691 --- [           main] o.a.c.c.C.[Tomcat].[localhost].[/ams]    : Initializing Spring embedded WebApplicationContext
2022-02-25 00:57:13.728  INFO 3691 --- [           main] w.s.c.ServletWebServerApplicationContext : Root WebApplicationContext: initialization completed in 2224 ms
2022-02-25 00:57:13.787  INFO 3691 --- [           main] com.zaxxer.hikari.HikariDataSource       : HikariPool-1 - Starting...
2022-02-25 00:57:14.048  INFO 3691 --- [           main] com.zaxxer.hikari.HikariDataSource       : HikariPool-1 - Start completed.
2022-02-25 00:57:14.062  INFO 3691 --- [           main] o.s.b.a.h2.H2ConsoleAutoConfiguration    : H2 console available at '/h2-console'. Database available at 'jdbc:h2:mem:testdb'
2022-02-25 00:57:14.538  INFO 3691 --- [           main] o.hibernate.jpa.internal.util.LogHelper  : HHH000204: Processing PersistenceUnitInfo [name: default]
2022-02-25 00:57:14.651  INFO 3691 --- [           main] org.hibernate.Version                    : HHH000412: Hibernate ORM core version 5.6.3.Final
2022-02-25 00:57:14.905  INFO 3691 --- [           main] o.hibernate.annotations.common.Version   : HCANN000001: Hibernate Commons Annotations {5.1.2.Final}
2022-02-25 00:57:15.101  INFO 3691 --- [           main] org.hibernate.dialect.Dialect            : HHH000400: Using dialect: org.hibernate.dialect.H2Dialect
Hibernate: drop table if exists attendance CASCADE 
Hibernate: drop table if exists attendance_s_ids CASCADE 
Hibernate: drop table if exists class_period CASCADE 
Hibernate: drop table if exists class_section CASCADE 
Hibernate: drop table if exists section_subject CASCADE 
Hibernate: drop table if exists stud_class CASCADE 
Hibernate: drop table if exists student CASCADE 
Hibernate: drop table if exists teacher CASCADE 
Hibernate: drop table if exists teacher_subject CASCADE 
Hibernate: drop table if exists user CASCADE 
Hibernate: create table attendance (attendance_id bigint generated by default as identity, date date, period_id bigint, subject_id bigint, teach_id bigint, primary key (attendance_id))
Hibernate: create table attendance_s_ids (attendance_attendance_id bigint not null, s_ids bigint)
Hibernate: create table class_period (period_id bigint generated by default as identity, from_time time, to_time time, primary key (period_id))
Hibernate: create table class_section (section_id bigint generated by default as identity, class_id bigint, section_name varchar(255), primary key (section_id))
Hibernate: create table section_subject (subject_id bigint generated by default as identity, section_id bigint, subject_name varchar(255), primary key (subject_id))
Hibernate: create table stud_class (class_id bigint generated by default as identity, class_name varchar(255), primary key (class_id))
Hibernate: create table student (id bigint generated by default as identity, dob date, first_name varchar(255), last_name varchar(255), middle_name varchar(255), mobile_number bigint, profile blob, role_number varchar(255), primary key (id))
Hibernate: create table teacher (teach_id bigint generated by default as identity, dob date, first_name varchar(255), last_name varchar(255), middle_name varchar(255), mobile_number bigint, teacher_number varchar(255), primary key (teach_id))
Hibernate: create table teacher_subject (teach_id bigint not null, sub_id bigint, primary key (teach_id))
Hibernate: create table user (user_id varchar(255) generated by default as identity, password varchar(255), username varchar(255), primary key (user_id))
Hibernate: alter table attendance_s_ids add constraint FK1v6wu65waewosnb38qk45ja3m foreign key (attendance_attendance_id) references attendance
Hibernate: alter table class_section add constraint FKi65yeqy1o7n4icu1k47mm7y98 foreign key (class_id) references stud_class
Hibernate: alter table section_subject add constraint FK5dj7hfbr9t0h0dt9asmovsx4c foreign key (section_id) references class_section
Hibernate: alter table teacher_subject add constraint FKt9a9wm630o9m56thomepqribr foreign key (teach_id) references teacher
2022-02-25 00:57:16.455  INFO 3691 --- [           main] o.h.e.t.j.p.i.JtaPlatformInitiator       : HHH000490: Using JtaPlatform implementation: [org.hibernate.engine.transaction.jta.platform.internal.NoJtaPlatform]
2022-02-25 00:57:16.466  INFO 3691 --- [           main] j.LocalContainerEntityManagerFactoryBean : Initialized JPA EntityManagerFactory for persistence unit 'default'
2022-02-25 00:57:17.415  WARN 3691 --- [           main] JpaBaseConfiguration$JpaWebConfiguration : spring.jpa.open-in-view is enabled by default. Therefore, database queries may be performed during view rendering. Explicitly configure spring.jpa.open-in-view to disable this warning
2022-02-25 00:57:18.191  INFO 3691 --- [           main] o.s.b.w.embedded.tomcat.TomcatWebServer  : Tomcat started on port(s): 9999 (http) with context path '/ams'
2022-02-25 00:57:18.203  INFO 3691 --- [           main] a.AttendenceManagementSystemApplication  : Started AttendenceManagementSystemApplication in 12.68 seconds (JVM running for 13.419)
Hibernate: insert into stud_class (class_id, class_name) values (null, ?)
Hibernate: insert into stud_class (class_id, class_name) values (null, ?)
Hibernate: insert into stud_class (class_id, class_name) values (null, ?)
Hibernate: insert into stud_class (class_id, class_name) values (null, ?)
Hibernate: insert into stud_class (class_id, class_name) values (null, ?)
Hibernate: insert into stud_class (class_id, class_name) values (null, ?)
Hibernate: insert into stud_class (class_id, class_name) values (null, ?)
Hibernate: insert into class_section (section_id, class_id, section_name) values (null, ?, ?)
Hibernate: insert into class_section (section_id, class_id, section_name) values (null, ?, ?)
Hibernate: insert into class_section (section_id, class_id, section_name) values (null, ?, ?)
Hibernate: insert into class_section (section_id, class_id, section_name) values (null, ?, ?)
Hibernate: insert into class_section (section_id, class_id, section_name) values (null, ?, ?)
Hibernate: insert into section_subject (subject_id, section_id, subject_name) values (null, ?, ?)
Hibernate: insert into section_subject (subject_id, section_id, subject_name) values (null, ?, ?)
Hibernate: insert into section_subject (subject_id, section_id, subject_name) values (null, ?, ?)
Hibernate: insert into section_subject (subject_id, section_id, subject_name) values (null, ?, ?)
Hibernate: insert into section_subject (subject_id, section_id, subject_name) values (null, ?, ?)
Hibernate: insert into section_subject (subject_id, section_id, subject_name) values (null, ?, ?)
Hibernate: insert into class_period (period_id, from_time, to_time) values (null, ?, ?)
Hibernate: insert into class_period (period_id, from_time, to_time) values (null, ?, ?)
Hibernate: insert into class_period (period_id, from_time, to_time) values (null, ?, ?)
Hibernate: insert into class_period (period_id, from_time, to_time) values (null, ?, ?)
Hibernate: insert into attendance (attendance_id, date, period_id, subject_id, teach_id) values (null, ?, ?, ?, ?)
Hibernate: insert into attendance_s_ids (attendance_attendance_id, s_ids) values (?, ?)
Hibernate: insert into attendance_s_ids (attendance_attendance_id, s_ids) values (?, ?)
Hibernate: insert into attendance_s_ids (attendance_attendance_id, s_ids) values (?, ?)
Hibernate: insert into student (id, dob, first_name, last_name, middle_name, mobile_number, profile, role_number) values (null, ?, ?, ?, ?, ?, ?, ?)
Hibernate: insert into student (id, dob, first_name, last_name, middle_name, mobile_number, profile, role_number) values (null, ?, ?, ?, ?, ?, ?, ?)
Hibernate: insert into student (id, dob, first_name, last_name, middle_name, mobile_number, profile, role_number) values (null, ?, ?, ?, ?, ?, ?, ?)
Hibernate: insert into student (id, dob, first_name, last_name, middle_name, mobile_number, profile, role_number) values (null, ?, ?, ?, ?, ?, ?, ?)
Hibernate: insert into student (id, dob, first_name, last_name, middle_name, mobile_number, profile, role_number) values (null, ?, ?, ?, ?, ?, ?, ?)
Hibernate: insert into student (id, dob, first_name, last_name, middle_name, mobile_number, profile, role_number) values (null, ?, ?, ?, ?, ?, ?, ?)
Hibernate: insert into student (id, dob, first_name, last_name, middle_name, mobile_number, profile, role_number) values (null, ?, ?, ?, ?, ?, ?, ?)
Hibernate: insert into student (id, dob, first_name, last_name, middle_name, mobile_number, profile, role_number) values (null, ?, ?, ?, ?, ?, ?, ?)
Hibernate: insert into student (id, dob, first_name, last_name, middle_name, mobile_number, profile, role_number) values (null, ?, ?, ?, ?, ?, ?, ?)
Hibernate: insert into student (id, dob, first_name, last_name, middle_name, mobile_number, profile, role_number) values (null, ?, ?, ?, ?, ?, ?, ?)
Hibernate: insert into student (id, dob, first_name, last_name, middle_name, mobile_number, profile, role_number) values (null, ?, ?, ?, ?, ?, ?, ?)
Hibernate: insert into student (id, dob, first_name, last_name, middle_name, mobile_number, profile, role_number) values (null, ?, ?, ?, ?, ?, ?, ?)
Hibernate: insert into student (id, dob, first_name, last_name, middle_name, mobile_number, profile, role_number) values (null, ?, ?, ?, ?, ?, ?, ?)
Hibernate: insert into student (id, dob, first_name, last_name, middle_name, mobile_number, profile, role_number) values (null, ?, ?, ?, ?, ?, ?, ?)
Hibernate: insert into student (id, dob, first_name, last_name, middle_name, mobile_number, profile, role_number) values (null, ?, ?, ?, ?, ?, ?, ?)
Hibernate: insert into student (id, dob, first_name, last_name, middle_name, mobile_number, profile, role_number) values (null, ?, ?, ?, ?, ?, ?, ?)
Hibernate: insert into student (id, dob, first_name, last_name, middle_name, mobile_number, profile, role_number) values (null, ?, ?, ?, ?, ?, ?, ?)
Hibernate: insert into student (id, dob, first_name, last_name, middle_name, mobile_number, profile, role_number) values (null, ?, ?, ?, ?, ?, ?, ?)
Hibernate: insert into student (id, dob, first_name, last_name, middle_name, mobile_number, profile, role_number) values (null, ?, ?, ?, ?, ?, ?, ?)
Hibernate: insert into student (id, dob, first_name, last_name, middle_name, mobile_number, profile, role_number) values (null, ?, ?, ?, ?, ?, ?, ?)
Hibernate: insert into teacher (teach_id, dob, first_name, last_name, middle_name, mobile_number, teacher_number) values (null, ?, ?, ?, ?, ?, ?)
Hibernate: insert into teacher (teach_id, dob, first_name, last_name, middle_name, mobile_number, teacher_number) values (null, ?, ?, ?, ?, ?, ?)
Hibernate: insert into teacher (teach_id, dob, first_name, last_name, middle_name, mobile_number, teacher_number) values (null, ?, ?, ?, ?, ?, ?)
Hibernate: insert into teacher (teach_id, dob, first_name, last_name, middle_name, mobile_number, teacher_number) values (null, ?, ?, ?, ?, ?, ?)
Hibernate: insert into teacher (teach_id, dob, first_name, last_name, middle_name, mobile_number, teacher_number) values (null, ?, ?, ?, ?, ?, ?)
Hibernate: insert into teacher (teach_id, dob, first_name, last_name, middle_name, mobile_number, teacher_number) values (null, ?, ?, ?, ?, ?, ?)
Hibernate: insert into teacher (teach_id, dob, first_name, last_name, middle_name, mobile_number, teacher_number) values (null, ?, ?, ?, ?, ?, ?)
Hibernate: insert into teacher (teach_id, dob, first_name, last_name, middle_name, mobile_number, teacher_number) values (null, ?, ?, ?, ?, ?, ?)
Hibernate: insert into teacher (teach_id, dob, first_name, last_name, middle_name, mobile_number, teacher_number) values (null, ?, ?, ?, ?, ?, ?)
Hibernate: insert into teacher (teach_id, dob, first_name, last_name, middle_name, mobile_number, teacher_number) values (null, ?, ?, ?, ?, ?, ?)
Hibernate: insert into teacher (teach_id, dob, first_name, last_name, middle_name, mobile_number, teacher_number) values (null, ?, ?, ?, ?, ?, ?)
Hibernate: insert into teacher (teach_id, dob, first_name, last_name, middle_name, mobile_number, teacher_number) values (null, ?, ?, ?, ?, ?, ?)
Hibernate: insert into teacher (teach_id, dob, first_name, last_name, middle_name, mobile_number, teacher_number) values (null, ?, ?, ?, ?, ?, ?)
Hibernate: insert into teacher (teach_id, dob, first_name, last_name, middle_name, mobile_number, teacher_number) values (null, ?, ?, ?, ?, ?, ?)
Hibernate: insert into teacher (teach_id, dob, first_name, last_name, middle_name, mobile_number, teacher_number) values (null, ?, ?, ?, ?, ?, ?)
Hibernate: insert into teacher (teach_id, dob, first_name, last_name, middle_name, mobile_number, teacher_number) values (null, ?, ?, ?, ?, ?, ?)
Hibernate: insert into teacher (teach_id, dob, first_name, last_name, middle_name, mobile_number, teacher_number) values (null, ?, ?, ?, ?, ?, ?)
Hibernate: insert into teacher (teach_id, dob, first_name, last_name, middle_name, mobile_number, teacher_number) values (null, ?, ?, ?, ?, ?, ?)
Hibernate: insert into teacher (teach_id, dob, first_name, last_name, middle_name, mobile_number, teacher_number) values (null, ?, ?, ?, ?, ?, ?)
Hibernate: insert into teacher (teach_id, dob, first_name, last_name, middle_name, mobile_number, teacher_number) values (null, ?, ?, ?, ?, ?, ?)
2022-02-25 00:57:18.495  INFO 3691 --- [nio-9999-exec-1] o.a.c.c.C.[Tomcat].[localhost].[/ams]    : Initializing Spring DispatcherServlet 'dispatcherServlet'
2022-02-25 00:57:18.495  INFO 3691 --- [nio-9999-exec-1] o.s.web.servlet.DispatcherServlet        : Initializing Servlet 'dispatcherServlet'
2022-02-25 00:57:18.496  INFO 3691 --- [nio-9999-exec-1] o.s.web.servlet.DispatcherServlet        : Completed initialization in 1 ms
Hibernate: select student0_.id as id1_6_, student0_.dob as dob2_6_, student0_.first_name as first_na3_6_, student0_.last_name as last_nam4_6_, student0_.middle_name as middle_n5_6_, student0_.mobile_number as mobile_n6_6_, student0_.profile as profile7_6_, student0_.role_number as role_num8_6_ from student student0_
Hibernate: select student0_.id as id1_6_, student0_.dob as dob2_6_, student0_.first_name as first_na3_6_, student0_.last_name as last_nam4_6_, student0_.middle_name as middle_n5_6_, student0_.mobile_number as mobile_n6_6_, student0_.profile as profile7_6_, student0_.role_number as role_num8_6_ from student student0_

  .   ____          _            __ _ _
 /\\ / ___'_ __ _ _(_)_ __  __ _ \ \ \ \
( ( )\___ | '_ | '_| | '_ \/ _` | \ \ \ \
 \\/  ___)| |_)| | | | | || (_| |  ) ) ) )
  '  |____| .__|_| |_|_| |_\__, | / / / /
 =========|_|==============|___/=/_/_/_/
 :: Spring Boot ::                (v2.6.2)

2022-02-25 00:58:20.586  INFO 3745 --- [           main] a.AttendenceManagementSystemApplication  : Starting AttendenceManagementSystemApplication v0.1 using Java 11.0.12 on Apples-MacBook-Air.local with PID 3745 (/Users/nagarajskharvi/Documents/work/extra/attendence-management-system/target/ams-0.12022_02_25_00_58_13.jar started by nagarajskharvi in /Users/nagarajskharvi/Documents/work/extra/attendence-management-system)
2022-02-25 00:58:20.590  INFO 3745 --- [           main] a.AttendenceManagementSystemApplication  : No active profile set, falling back to default profiles: default
2022-02-25 00:58:21.797  INFO 3745 --- [           main] .s.d.r.c.RepositoryConfigurationDelegate : Bootstrapping Spring Data JPA repositories in DEFAULT mode.
2022-02-25 00:58:22.077  INFO 3745 --- [           main] .s.d.r.c.RepositoryConfigurationDelegate : Finished Spring Data repository scanning in 262 ms. Found 7 JPA repository interfaces.
2022-02-25 00:58:23.025  INFO 3745 --- [           main] o.s.b.w.embedded.tomcat.TomcatWebServer  : Tomcat initialized with port(s): 9999 (http)
2022-02-25 00:58:23.037  INFO 3745 --- [           main] o.apache.catalina.core.StandardService   : Starting service [Tomcat]
2022-02-25 00:58:23.038  INFO 3745 --- [           main] org.apache.catalina.core.StandardEngine  : Starting Servlet engine: [Apache Tomcat/9.0.56]
2022-02-25 00:58:23.095  INFO 3745 --- [           main] o.a.c.c.C.[Tomcat].[localhost].[/ams]    : Initializing Spring embedded WebApplicationContext
2022-02-25 00:58:23.096  INFO 3745 --- [           main] w.s.c.ServletWebServerApplicationContext : Root WebApplicationContext: initialization completed in 2399 ms
2022-02-25 00:58:23.158  INFO 3745 --- [           main] com.zaxxer.hikari.HikariDataSource       : HikariPool-1 - Starting...
2022-02-25 00:58:23.431  INFO 3745 --- [           main] com.zaxxer.hikari.HikariDataSource       : HikariPool-1 - Start completed.
2022-02-25 00:58:23.447  INFO 3745 --- [           main] o.s.b.a.h2.H2ConsoleAutoConfiguration    : H2 console available at '/h2-console'. Database available at 'jdbc:h2:mem:testdb'
2022-02-25 00:58:23.759  INFO 3745 --- [           main] o.hibernate.jpa.internal.util.LogHelper  : HHH000204: Processing PersistenceUnitInfo [name: default]
2022-02-25 00:58:23.811  INFO 3745 --- [           main] org.hibernate.Version                    : HHH000412: Hibernate ORM core version 5.6.3.Final
2022-02-25 00:58:24.039  INFO 3745 --- [           main] o.hibernate.annotations.common.Version   : HCANN000001: Hibernate Commons Annotations {5.1.2.Final}
2022-02-25 00:58:24.240  INFO 3745 --- [           main] org.hibernate.dialect.Dialect            : HHH000400: Using dialect: org.hibernate.dialect.H2Dialect
Hibernate: drop table if exists attendance CASCADE 
Hibernate: drop table if exists attendance_s_ids CASCADE 
Hibernate: drop table if exists class_period CASCADE 
Hibernate: drop table if exists class_section CASCADE 
Hibernate: drop table if exists section_subject CASCADE 
Hibernate: drop table if exists stud_class CASCADE 
Hibernate: drop table if exists student CASCADE 
Hibernate: drop table if exists teacher CASCADE 
Hibernate: drop table if exists teacher_subject CASCADE 
Hibernate: drop table if exists user CASCADE 
Hibernate: create table attendance (attendance_id bigint generated by default as identity, date date, period_id bigint, subject_id bigint, teach_id bigint, primary key (attendance_id))
Hibernate: create table attendance_s_ids (attendance_attendance_id bigint not null, s_ids bigint)
Hibernate: create table class_period (period_id bigint generated by default as identity, from_time time, to_time time, primary key (period_id))
Hibernate: create table class_section (section_id bigint generated by default as identity, class_id bigint, section_name varchar(255), primary key (section_id))
Hibernate: create table section_subject (subject_id bigint generated by default as identity, section_id bigint, subject_name varchar(255), primary key (subject_id))
Hibernate: create table stud_class (class_id bigint generated by default as identity, class_name varchar(255), primary key (class_id))
Hibernate: create table student (id bigint generated by default as identity, dob date, first_name varchar(255), last_name varchar(255), middle_name varchar(255), mobile_number bigint, profile blob, role_number varchar(255), primary key (id))
Hibernate: create table teacher (teach_id bigint generated by default as identity, dob date, first_name varchar(255), last_name varchar(255), middle_name varchar(255), mobile_number bigint, teacher_number varchar(255), primary key (teach_id))
Hibernate: create table teacher_subject (teach_id bigint not null, sub_id bigint, primary key (teach_id))
Hibernate: create table user (user_id varchar(255) generated by default as identity, password varchar(255), username varchar(255), primary key (user_id))
Hibernate: alter table attendance_s_ids add constraint FK1v6wu65waewosnb38qk45ja3m foreign key (attendance_attendance_id) references attendance
Hibernate: alter table class_section add constraint FKi65yeqy1o7n4icu1k47mm7y98 foreign key (class_id) references stud_class
Hibernate: alter table section_subject add constraint FK5dj7hfbr9t0h0dt9asmovsx4c foreign key (section_id) references class_section
Hibernate: alter table teacher_subject add constraint FKt9a9wm630o9m56thomepqribr foreign key (teach_id) references teacher
2022-02-25 00:58:25.050  INFO 3745 --- [           main] o.h.e.t.j.p.i.JtaPlatformInitiator       : HHH000490: Using JtaPlatform implementation: [org.hibernate.engine.transaction.jta.platform.internal.NoJtaPlatform]
2022-02-25 00:58:25.057  INFO 3745 --- [           main] j.LocalContainerEntityManagerFactoryBean : Initialized JPA EntityManagerFactory for persistence unit 'default'
2022-02-25 00:58:25.908  WARN 3745 --- [           main] JpaBaseConfiguration$JpaWebConfiguration : spring.jpa.open-in-view is enabled by default. Therefore, database queries may be performed during view rendering. Explicitly configure spring.jpa.open-in-view to disable this warning
2022-02-25 00:58:26.478  INFO 3745 --- [           main] o.s.b.w.embedded.tomcat.TomcatWebServer  : Tomcat started on port(s): 9999 (http) with context path '/ams'
2022-02-25 00:58:26.493  INFO 3745 --- [           main] a.AttendenceManagementSystemApplication  : Started AttendenceManagementSystemApplication in 11.637 seconds (JVM running for 12.505)
Hibernate: insert into stud_class (class_id, class_name) values (null, ?)
Hibernate: insert into stud_class (class_id, class_name) values (null, ?)
Hibernate: insert into stud_class (class_id, class_name) values (null, ?)
Hibernate: insert into stud_class (class_id, class_name) values (null, ?)
Hibernate: insert into stud_class (class_id, class_name) values (null, ?)
Hibernate: insert into stud_class (class_id, class_name) values (null, ?)
Hibernate: insert into stud_class (class_id, class_name) values (null, ?)
Hibernate: insert into class_section (section_id, class_id, section_name) values (null, ?, ?)
Hibernate: insert into class_section (section_id, class_id, section_name) values (null, ?, ?)
Hibernate: insert into class_section (section_id, class_id, section_name) values (null, ?, ?)
Hibernate: insert into class_section (section_id, class_id, section_name) values (null, ?, ?)
Hibernate: insert into class_section (section_id, class_id, section_name) values (null, ?, ?)
Hibernate: insert into section_subject (subject_id, section_id, subject_name) values (null, ?, ?)
Hibernate: insert into section_subject (subject_id, section_id, subject_name) values (null, ?, ?)
Hibernate: insert into section_subject (subject_id, section_id, subject_name) values (null, ?, ?)
Hibernate: insert into section_subject (subject_id, section_id, subject_name) values (null, ?, ?)
Hibernate: insert into section_subject (subject_id, section_id, subject_name) values (null, ?, ?)
Hibernate: insert into section_subject (subject_id, section_id, subject_name) values (null, ?, ?)
Hibernate: insert into class_period (period_id, from_time, to_time) values (null, ?, ?)
Hibernate: insert into class_period (period_id, from_time, to_time) values (null, ?, ?)
Hibernate: insert into class_period (period_id, from_time, to_time) values (null, ?, ?)
Hibernate: insert into class_period (period_id, from_time, to_time) values (null, ?, ?)
Hibernate: insert into attendance (attendance_id, date, period_id, subject_id, teach_id) values (null, ?, ?, ?, ?)
Hibernate: insert into attendance_s_ids (attendance_attendance_id, s_ids) values (?, ?)
Hibernate: insert into attendance_s_ids (attendance_attendance_id, s_ids) values (?, ?)
Hibernate: insert into attendance_s_ids (attendance_attendance_id, s_ids) values (?, ?)
Hibernate: insert into student (id, dob, first_name, last_name, middle_name, mobile_number, profile, role_number) values (null, ?, ?, ?, ?, ?, ?, ?)
Hibernate: insert into student (id, dob, first_name, last_name, middle_name, mobile_number, profile, role_number) values (null, ?, ?, ?, ?, ?, ?, ?)
Hibernate: insert into student (id, dob, first_name, last_name, middle_name, mobile_number, profile, role_number) values (null, ?, ?, ?, ?, ?, ?, ?)
Hibernate: insert into student (id, dob, first_name, last_name, middle_name, mobile_number, profile, role_number) values (null, ?, ?, ?, ?, ?, ?, ?)
Hibernate: insert into student (id, dob, first_name, last_name, middle_name, mobile_number, profile, role_number) values (null, ?, ?, ?, ?, ?, ?, ?)
Hibernate: insert into student (id, dob, first_name, last_name, middle_name, mobile_number, profile, role_number) values (null, ?, ?, ?, ?, ?, ?, ?)
Hibernate: insert into student (id, dob, first_name, last_name, middle_name, mobile_number, profile, role_number) values (null, ?, ?, ?, ?, ?, ?, ?)
Hibernate: insert into student (id, dob, first_name, last_name, middle_name, mobile_number, profile, role_number) values (null, ?, ?, ?, ?, ?, ?, ?)
Hibernate: insert into student (id, dob, first_name, last_name, middle_name, mobile_number, profile, role_number) values (null, ?, ?, ?, ?, ?, ?, ?)
Hibernate: insert into student (id, dob, first_name, last_name, middle_name, mobile_number, profile, role_number) values (null, ?, ?, ?, ?, ?, ?, ?)
Hibernate: insert into student (id, dob, first_name, last_name, middle_name, mobile_number, profile, role_number) values (null, ?, ?, ?, ?, ?, ?, ?)
Hibernate: insert into student (id, dob, first_name, last_name, middle_name, mobile_number, profile, role_number) values (null, ?, ?, ?, ?, ?, ?, ?)
Hibernate: insert into student (id, dob, first_name, last_name, middle_name, mobile_number, profile, role_number) values (null, ?, ?, ?, ?, ?, ?, ?)
Hibernate: insert into student (id, dob, first_name, last_name, middle_name, mobile_number, profile, role_number) values (null, ?, ?, ?, ?, ?, ?, ?)
Hibernate: insert into student (id, dob, first_name, last_name, middle_name, mobile_number, profile, role_number) values (null, ?, ?, ?, ?, ?, ?, ?)
Hibernate: insert into student (id, dob, first_name, last_name, middle_name, mobile_number, profile, role_number) values (null, ?, ?, ?, ?, ?, ?, ?)
Hibernate: insert into student (id, dob, first_name, last_name, middle_name, mobile_number, profile, role_number) values (null, ?, ?, ?, ?, ?, ?, ?)
Hibernate: insert into student (id, dob, first_name, last_name, middle_name, mobile_number, profile, role_number) values (null, ?, ?, ?, ?, ?, ?, ?)
Hibernate: insert into student (id, dob, first_name, last_name, middle_name, mobile_number, profile, role_number) values (null, ?, ?, ?, ?, ?, ?, ?)
Hibernate: insert into student (id, dob, first_name, last_name, middle_name, mobile_number, profile, role_number) values (null, ?, ?, ?, ?, ?, ?, ?)
Hibernate: insert into teacher (teach_id, dob, first_name, last_name, middle_name, mobile_number, teacher_number) values (null, ?, ?, ?, ?, ?, ?)
Hibernate: insert into teacher (teach_id, dob, first_name, last_name, middle_name, mobile_number, teacher_number) values (null, ?, ?, ?, ?, ?, ?)
Hibernate: insert into teacher (teach_id, dob, first_name, last_name, middle_name, mobile_number, teacher_number) values (null, ?, ?, ?, ?, ?, ?)
Hibernate: insert into teacher (teach_id, dob, first_name, last_name, middle_name, mobile_number, teacher_number) values (null, ?, ?, ?, ?, ?, ?)
Hibernate: insert into teacher (teach_id, dob, first_name, last_name, middle_name, mobile_number, teacher_number) values (null, ?, ?, ?, ?, ?, ?)
Hibernate: insert into teacher (teach_id, dob, first_name, last_name, middle_name, mobile_number, teacher_number) values (null, ?, ?, ?, ?, ?, ?)
Hibernate: insert into teacher (teach_id, dob, first_name, last_name, middle_name, mobile_number, teacher_number) values (null, ?, ?, ?, ?, ?, ?)
Hibernate: insert into teacher (teach_id, dob, first_name, last_name, middle_name, mobile_number, teacher_number) values (null, ?, ?, ?, ?, ?, ?)
Hibernate: insert into teacher (teach_id, dob, first_name, last_name, middle_name, mobile_number, teacher_number) values (null, ?, ?, ?, ?, ?, ?)
Hibernate: insert into teacher (teach_id, dob, first_name, last_name, middle_name, mobile_number, teacher_number) values (null, ?, ?, ?, ?, ?, ?)
Hibernate: insert into teacher (teach_id, dob, first_name, last_name, middle_name, mobile_number, teacher_number) values (null, ?, ?, ?, ?, ?, ?)
Hibernate: insert into teacher (teach_id, dob, first_name, last_name, middle_name, mobile_number, teacher_number) values (null, ?, ?, ?, ?, ?, ?)
Hibernate: insert into teacher (teach_id, dob, first_name, last_name, middle_name, mobile_number, teacher_number) values (null, ?, ?, ?, ?, ?, ?)
Hibernate: insert into teacher (teach_id, dob, first_name, last_name, middle_name, mobile_number, teacher_number) values (null, ?, ?, ?, ?, ?, ?)
Hibernate: insert into teacher (teach_id, dob, first_name, last_name, middle_name, mobile_number, teacher_number) values (null, ?, ?, ?, ?, ?, ?)
Hibernate: insert into teacher (teach_id, dob, first_name, last_name, middle_name, mobile_number, teacher_number) values (null, ?, ?, ?, ?, ?, ?)
Hibernate: insert into teacher (teach_id, dob, first_name, last_name, middle_name, mobile_number, teacher_number) values (null, ?, ?, ?, ?, ?, ?)
Hibernate: insert into teacher (teach_id, dob, first_name, last_name, middle_name, mobile_number, teacher_number) values (null, ?, ?, ?, ?, ?, ?)
Hibernate: insert into teacher (teach_id, dob, first_name, last_name, middle_name, mobile_number, teacher_number) values (null, ?, ?, ?, ?, ?, ?)
Hibernate: insert into teacher (teach_id, dob, first_name, last_name, middle_name, mobile_number, teacher_number) values (null, ?, ?, ?, ?, ?, ?)
2022-02-25 00:59:01.258  INFO 3745 --- [nio-9999-exec-1] o.a.c.c.C.[Tomcat].[localhost].[/ams]    : Initializing Spring DispatcherServlet 'dispatcherServlet'
2022-02-25 00:59:01.260  INFO 3745 --- [nio-9999-exec-1] o.s.web.servlet.DispatcherServlet        : Initializing Servlet 'dispatcherServlet'
2022-02-25 00:59:01.263  INFO 3745 --- [nio-9999-exec-1] o.s.web.servlet.DispatcherServlet        : Completed initialization in 3 ms
Hibernate: select student0_.id as id1_6_, student0_.dob as dob2_6_, student0_.first_name as first_na3_6_, student0_.last_name as last_nam4_6_, student0_.middle_name as middle_n5_6_, student0_.mobile_number as mobile_n6_6_, student0_.profile as profile7_6_, student0_.role_number as role_num8_6_ from student student0_
Hibernate: select student0_.id as id1_6_, student0_.dob as dob2_6_, student0_.first_name as first_na3_6_, student0_.last_name as last_nam4_6_, student0_.middle_name as middle_n5_6_, student0_.mobile_number as mobile_n6_6_, student0_.profile as profile7_6_, student0_.role_number as role_num8_6_ from student student0_
Hibernate: select student0_.id as id1_6_, student0_.dob as dob2_6_, student0_.first_name as first_na3_6_, student0_.last_name as last_nam4_6_, student0_.middle_name as middle_n5_6_, student0_.mobile_number as mobile_n6_6_, student0_.profile as profile7_6_, student0_.role_number as role_num8_6_ from student student0_
Hibernate: select student0_.id as id1_6_, student0_.dob as dob2_6_, student0_.first_name as first_na3_6_, student0_.last_name as last_nam4_6_, student0_.middle_name as middle_n5_6_, student0_.mobile_number as mobile_n6_6_, student0_.profile as profile7_6_, student0_.role_number as role_num8_6_ from student student0_

  .   ____          _            __ _ _
 /\\ / ___'_ __ _ _(_)_ __  __ _ \ \ \ \
( ( )\___ | '_ | '_| | '_ \/ _` | \ \ \ \
 \\/  ___)| |_)| | | | | || (_| |  ) ) ) )
  '  |____| .__|_| |_|_| |_\__, | / / / /
 =========|_|==============|___/=/_/_/_/
 :: Spring Boot ::                (v2.6.2)

2022-02-25 00:59:43.665  INFO 3806 --- [           main] a.AttendenceManagementSystemApplication  : Starting AttendenceManagementSystemApplication v0.1 using Java 11.0.12 on Apples-MacBook-Air.local with PID 3806 (/Users/nagarajskharvi/Documents/work/extra/attendence-management-system/target/ams-0.12022_02_25_00_59_36.jar started by nagarajskharvi in /Users/nagarajskharvi/Documents/work/extra/attendence-management-system)
2022-02-25 00:59:43.667  INFO 3806 --- [           main] a.AttendenceManagementSystemApplication  : No active profile set, falling back to default profiles: default
2022-02-25 00:59:44.767  INFO 3806 --- [           main] .s.d.r.c.RepositoryConfigurationDelegate : Bootstrapping Spring Data JPA repositories in DEFAULT mode.
2022-02-25 00:59:45.053  INFO 3806 --- [           main] .s.d.r.c.RepositoryConfigurationDelegate : Finished Spring Data repository scanning in 269 ms. Found 7 JPA repository interfaces.
2022-02-25 00:59:46.028  INFO 3806 --- [           main] o.s.b.w.embedded.tomcat.TomcatWebServer  : Tomcat initialized with port(s): 9999 (http)
2022-02-25 00:59:46.043  INFO 3806 --- [           main] o.apache.catalina.core.StandardService   : Starting service [Tomcat]
2022-02-25 00:59:46.043  INFO 3806 --- [           main] org.apache.catalina.core.StandardEngine  : Starting Servlet engine: [Apache Tomcat/9.0.56]
2022-02-25 00:59:46.095  INFO 3806 --- [           main] o.a.c.c.C.[Tomcat].[localhost].[/ams]    : Initializing Spring embedded WebApplicationContext
2022-02-25 00:59:46.095  INFO 3806 --- [           main] w.s.c.ServletWebServerApplicationContext : Root WebApplicationContext: initialization completed in 2349 ms
2022-02-25 00:59:46.145  INFO 3806 --- [           main] com.zaxxer.hikari.HikariDataSource       : HikariPool-1 - Starting...
2022-02-25 00:59:46.422  INFO 3806 --- [           main] com.zaxxer.hikari.HikariDataSource       : HikariPool-1 - Start completed.
2022-02-25 00:59:46.437  INFO 3806 --- [           main] o.s.b.a.h2.H2ConsoleAutoConfiguration    : H2 console available at '/h2-console'. Database available at 'jdbc:h2:mem:testdb'
2022-02-25 00:59:46.753  INFO 3806 --- [           main] o.hibernate.jpa.internal.util.LogHelper  : HHH000204: Processing PersistenceUnitInfo [name: default]
2022-02-25 00:59:46.838  INFO 3806 --- [           main] org.hibernate.Version                    : HHH000412: Hibernate ORM core version 5.6.3.Final
2022-02-25 00:59:47.057  INFO 3745 --- [ionShutdownHook] j.LocalContainerEntityManagerFactoryBean : Closing JPA EntityManagerFactory for persistence unit 'default'
2022-02-25 00:59:47.062  INFO 3745 --- [ionShutdownHook] .SchemaDropperImpl$DelayedDropActionImpl : HHH000477: Starting delayed evictData of schema as part of SessionFactory shut-down'
Hibernate: drop table if exists attendance CASCADE 
Hibernate: drop table if exists attendance_s_ids CASCADE 
Hibernate: drop table if exists class_period CASCADE 
Hibernate: drop table if exists class_section CASCADE 
Hibernate: drop table if exists section_subject CASCADE 
Hibernate: drop table if exists stud_class CASCADE 
Hibernate: drop table if exists student CASCADE 
Hibernate: drop table if exists teacher CASCADE 
Hibernate: drop table if exists teacher_subject CASCADE 
Hibernate: drop table if exists user CASCADE 
2022-02-25 00:59:47.091  INFO 3745 --- [ionShutdownHook] com.zaxxer.hikari.HikariDataSource       : HikariPool-1 - Shutdown initiated...
2022-02-25 00:59:47.097  INFO 3745 --- [ionShutdownHook] com.zaxxer.hikari.HikariDataSource       : HikariPool-1 - Shutdown completed.
2022-02-25 00:59:47.170  INFO 3806 --- [           main] o.hibernate.annotations.common.Version   : HCANN000001: Hibernate Commons Annotations {5.1.2.Final}
2022-02-25 00:59:47.362  INFO 3806 --- [           main] org.hibernate.dialect.Dialect            : HHH000400: Using dialect: org.hibernate.dialect.H2Dialect
Hibernate: drop table if exists attendance CASCADE 
Hibernate: drop table if exists attendance_s_ids CASCADE 
Hibernate: drop table if exists class_period CASCADE 
Hibernate: drop table if exists class_section CASCADE 
Hibernate: drop table if exists section_subject CASCADE 
Hibernate: drop table if exists stud_class CASCADE 
Hibernate: drop table if exists student CASCADE 
Hibernate: drop table if exists teacher CASCADE 
Hibernate: drop table if exists teacher_subject CASCADE 
Hibernate: drop table if exists user CASCADE 
Hibernate: create table attendance (attendance_id bigint generated by default as identity, date date, period_id bigint, subject_id bigint, teach_id bigint, primary key (attendance_id))
Hibernate: create table attendance_s_ids (attendance_attendance_id bigint not null, s_ids bigint)
Hibernate: create table class_period (period_id bigint generated by default as identity, from_time time, to_time time, primary key (period_id))
Hibernate: create table class_section (section_id bigint generated by default as identity, class_id bigint, section_name varchar(255), primary key (section_id))
Hibernate: create table section_subject (subject_id bigint generated by default as identity, section_id bigint, subject_name varchar(255), primary key (subject_id))
Hibernate: create table stud_class (class_id bigint generated by default as identity, class_name varchar(255), primary key (class_id))
Hibernate: create table student (id bigint generated by default as identity, dob date, first_name varchar(255), last_name varchar(255), middle_name varchar(255), mobile_number bigint, profile blob, role_number varchar(255), primary key (id))
Hibernate: create table teacher (teach_id bigint generated by default as identity, dob date, first_name varchar(255), last_name varchar(255), middle_name varchar(255), mobile_number bigint, teacher_number varchar(255), primary key (teach_id))
Hibernate: create table teacher_subject (teach_id bigint not null, sub_id bigint, primary key (teach_id))
Hibernate: create table user (user_id varchar(255) generated by default as identity, password varchar(255), username varchar(255), primary key (user_id))
Hibernate: alter table attendance_s_ids add constraint FK1v6wu65waewosnb38qk45ja3m foreign key (attendance_attendance_id) references attendance
Hibernate: alter table class_section add constraint FKi65yeqy1o7n4icu1k47mm7y98 foreign key (class_id) references stud_class
Hibernate: alter table section_subject add constraint FK5dj7hfbr9t0h0dt9asmovsx4c foreign key (section_id) references class_section
Hibernate: alter table teacher_subject add constraint FKt9a9wm630o9m56thomepqribr foreign key (teach_id) references teacher
2022-02-25 00:59:48.257  INFO 3806 --- [           main] o.h.e.t.j.p.i.JtaPlatformInitiator       : HHH000490: Using JtaPlatform implementation: [org.hibernate.engine.transaction.jta.platform.internal.NoJtaPlatform]
2022-02-25 00:59:48.266  INFO 3806 --- [           main] j.LocalContainerEntityManagerFactoryBean : Initialized JPA EntityManagerFactory for persistence unit 'default'
2022-02-25 00:59:49.215  WARN 3806 --- [           main] JpaBaseConfiguration$JpaWebConfiguration : spring.jpa.open-in-view is enabled by default. Therefore, database queries may be performed during view rendering. Explicitly configure spring.jpa.open-in-view to disable this warning
2022-02-25 00:59:49.907  INFO 3806 --- [           main] o.s.b.w.embedded.tomcat.TomcatWebServer  : Tomcat started on port(s): 9999 (http) with context path '/ams'
2022-02-25 00:59:49.950  INFO 3806 --- [           main] a.AttendenceManagementSystemApplication  : Started AttendenceManagementSystemApplication in 12.138 seconds (JVM running for 13.101)
Hibernate: insert into stud_class (class_id, class_name) values (null, ?)
Hibernate: insert into stud_class (class_id, class_name) values (null, ?)
Hibernate: insert into stud_class (class_id, class_name) values (null, ?)
Hibernate: insert into stud_class (class_id, class_name) values (null, ?)
Hibernate: insert into stud_class (class_id, class_name) values (null, ?)
Hibernate: insert into stud_class (class_id, class_name) values (null, ?)
Hibernate: insert into stud_class (class_id, class_name) values (null, ?)
Hibernate: insert into class_section (section_id, class_id, section_name) values (null, ?, ?)
Hibernate: insert into class_section (section_id, class_id, section_name) values (null, ?, ?)
Hibernate: insert into class_section (section_id, class_id, section_name) values (null, ?, ?)
Hibernate: insert into class_section (section_id, class_id, section_name) values (null, ?, ?)
Hibernate: insert into class_section (section_id, class_id, section_name) values (null, ?, ?)
Hibernate: insert into section_subject (subject_id, section_id, subject_name) values (null, ?, ?)
Hibernate: insert into section_subject (subject_id, section_id, subject_name) values (null, ?, ?)
Hibernate: insert into section_subject (subject_id, section_id, subject_name) values (null, ?, ?)
Hibernate: insert into section_subject (subject_id, section_id, subject_name) values (null, ?, ?)
Hibernate: insert into section_subject (subject_id, section_id, subject_name) values (null, ?, ?)
Hibernate: insert into section_subject (subject_id, section_id, subject_name) values (null, ?, ?)
Hibernate: insert into class_period (period_id, from_time, to_time) values (null, ?, ?)
Hibernate: insert into class_period (period_id, from_time, to_time) values (null, ?, ?)
Hibernate: insert into class_period (period_id, from_time, to_time) values (null, ?, ?)
Hibernate: insert into class_period (period_id, from_time, to_time) values (null, ?, ?)
Hibernate: insert into attendance (attendance_id, date, period_id, subject_id, teach_id) values (null, ?, ?, ?, ?)
Hibernate: insert into attendance_s_ids (attendance_attendance_id, s_ids) values (?, ?)
Hibernate: insert into attendance_s_ids (attendance_attendance_id, s_ids) values (?, ?)
Hibernate: insert into attendance_s_ids (attendance_attendance_id, s_ids) values (?, ?)
Hibernate: insert into student (id, dob, first_name, last_name, middle_name, mobile_number, profile, role_number) values (null, ?, ?, ?, ?, ?, ?, ?)
Hibernate: insert into student (id, dob, first_name, last_name, middle_name, mobile_number, profile, role_number) values (null, ?, ?, ?, ?, ?, ?, ?)
Hibernate: insert into student (id, dob, first_name, last_name, middle_name, mobile_number, profile, role_number) values (null, ?, ?, ?, ?, ?, ?, ?)
Hibernate: insert into student (id, dob, first_name, last_name, middle_name, mobile_number, profile, role_number) values (null, ?, ?, ?, ?, ?, ?, ?)
Hibernate: insert into student (id, dob, first_name, last_name, middle_name, mobile_number, profile, role_number) values (null, ?, ?, ?, ?, ?, ?, ?)
Hibernate: insert into student (id, dob, first_name, last_name, middle_name, mobile_number, profile, role_number) values (null, ?, ?, ?, ?, ?, ?, ?)
Hibernate: insert into student (id, dob, first_name, last_name, middle_name, mobile_number, profile, role_number) values (null, ?, ?, ?, ?, ?, ?, ?)
Hibernate: insert into student (id, dob, first_name, last_name, middle_name, mobile_number, profile, role_number) values (null, ?, ?, ?, ?, ?, ?, ?)
Hibernate: insert into student (id, dob, first_name, last_name, middle_name, mobile_number, profile, role_number) values (null, ?, ?, ?, ?, ?, ?, ?)
Hibernate: insert into student (id, dob, first_name, last_name, middle_name, mobile_number, profile, role_number) values (null, ?, ?, ?, ?, ?, ?, ?)
Hibernate: insert into student (id, dob, first_name, last_name, middle_name, mobile_number, profile, role_number) values (null, ?, ?, ?, ?, ?, ?, ?)
Hibernate: insert into student (id, dob, first_name, last_name, middle_name, mobile_number, profile, role_number) values (null, ?, ?, ?, ?, ?, ?, ?)
Hibernate: insert into student (id, dob, first_name, last_name, middle_name, mobile_number, profile, role_number) values (null, ?, ?, ?, ?, ?, ?, ?)
Hibernate: insert into student (id, dob, first_name, last_name, middle_name, mobile_number, profile, role_number) values (null, ?, ?, ?, ?, ?, ?, ?)
Hibernate: insert into student (id, dob, first_name, last_name, middle_name, mobile_number, profile, role_number) values (null, ?, ?, ?, ?, ?, ?, ?)
Hibernate: insert into student (id, dob, first_name, last_name, middle_name, mobile_number, profile, role_number) values (null, ?, ?, ?, ?, ?, ?, ?)
Hibernate: insert into student (id, dob, first_name, last_name, middle_name, mobile_number, profile, role_number) values (null, ?, ?, ?, ?, ?, ?, ?)
Hibernate: insert into student (id, dob, first_name, last_name, middle_name, mobile_number, profile, role_number) values (null, ?, ?, ?, ?, ?, ?, ?)
Hibernate: insert into student (id, dob, first_name, last_name, middle_name, mobile_number, profile, role_number) values (null, ?, ?, ?, ?, ?, ?, ?)
Hibernate: insert into student (id, dob, first_name, last_name, middle_name, mobile_number, profile, role_number) values (null, ?, ?, ?, ?, ?, ?, ?)
Hibernate: insert into teacher (teach_id, dob, first_name, last_name, middle_name, mobile_number, teacher_number) values (null, ?, ?, ?, ?, ?, ?)
Hibernate: insert into teacher (teach_id, dob, first_name, last_name, middle_name, mobile_number, teacher_number) values (null, ?, ?, ?, ?, ?, ?)
Hibernate: insert into teacher (teach_id, dob, first_name, last_name, middle_name, mobile_number, teacher_number) values (null, ?, ?, ?, ?, ?, ?)
Hibernate: insert into teacher (teach_id, dob, first_name, last_name, middle_name, mobile_number, teacher_number) values (null, ?, ?, ?, ?, ?, ?)
Hibernate: insert into teacher (teach_id, dob, first_name, last_name, middle_name, mobile_number, teacher_number) values (null, ?, ?, ?, ?, ?, ?)
Hibernate: insert into teacher (teach_id, dob, first_name, last_name, middle_name, mobile_number, teacher_number) values (null, ?, ?, ?, ?, ?, ?)
Hibernate: insert into teacher (teach_id, dob, first_name, last_name, middle_name, mobile_number, teacher_number) values (null, ?, ?, ?, ?, ?, ?)
Hibernate: insert into teacher (teach_id, dob, first_name, last_name, middle_name, mobile_number, teacher_number) values (null, ?, ?, ?, ?, ?, ?)
Hibernate: insert into teacher (teach_id, dob, first_name, last_name, middle_name, mobile_number, teacher_number) values (null, ?, ?, ?, ?, ?, ?)
Hibernate: insert into teacher (teach_id, dob, first_name, last_name, middle_name, mobile_number, teacher_number) values (null, ?, ?, ?, ?, ?, ?)
Hibernate: insert into teacher (teach_id, dob, first_name, last_name, middle_name, mobile_number, teacher_number) values (null, ?, ?, ?, ?, ?, ?)
Hibernate: insert into teacher (teach_id, dob, first_name, last_name, middle_name, mobile_number, teacher_number) values (null, ?, ?, ?, ?, ?, ?)
Hibernate: insert into teacher (teach_id, dob, first_name, last_name, middle_name, mobile_number, teacher_number) values (null, ?, ?, ?, ?, ?, ?)
Hibernate: insert into teacher (teach_id, dob, first_name, last_name, middle_name, mobile_number, teacher_number) values (null, ?, ?, ?, ?, ?, ?)
Hibernate: insert into teacher (teach_id, dob, first_name, last_name, middle_name, mobile_number, teacher_number) values (null, ?, ?, ?, ?, ?, ?)
Hibernate: insert into teacher (teach_id, dob, first_name, last_name, middle_name, mobile_number, teacher_number) values (null, ?, ?, ?, ?, ?, ?)
Hibernate: insert into teacher (teach_id, dob, first_name, last_name, middle_name, mobile_number, teacher_number) values (null, ?, ?, ?, ?, ?, ?)
Hibernate: insert into teacher (teach_id, dob, first_name, last_name, middle_name, mobile_number, teacher_number) values (null, ?, ?, ?, ?, ?, ?)
Hibernate: insert into teacher (teach_id, dob, first_name, last_name, middle_name, mobile_number, teacher_number) values (null, ?, ?, ?, ?, ?, ?)
Hibernate: insert into teacher (teach_id, dob, first_name, last_name, middle_name, mobile_number, teacher_number) values (null, ?, ?, ?, ?, ?, ?)
2022-02-25 01:00:08.044  INFO 3806 --- [nio-9999-exec-1] o.a.c.c.C.[Tomcat].[localhost].[/ams]    : Initializing Spring DispatcherServlet 'dispatcherServlet'
2022-02-25 01:00:08.045  INFO 3806 --- [nio-9999-exec-1] o.s.web.servlet.DispatcherServlet        : Initializing Servlet 'dispatcherServlet'
2022-02-25 01:00:08.046  INFO 3806 --- [nio-9999-exec-1] o.s.web.servlet.DispatcherServlet        : Completed initialization in 1 ms
Hibernate: select student0_.id as id1_6_, student0_.dob as dob2_6_, student0_.first_name as first_na3_6_, student0_.last_name as last_nam4_6_, student0_.middle_name as middle_n5_6_, student0_.mobile_number as mobile_n6_6_, student0_.profile as profile7_6_, student0_.role_number as role_num8_6_ from student student0_
Hibernate: select student0_.id as id1_6_, student0_.dob as dob2_6_, student0_.first_name as first_na3_6_, student0_.last_name as last_nam4_6_, student0_.middle_name as middle_n5_6_, student0_.mobile_number as mobile_n6_6_, student0_.profile as profile7_6_, student0_.role_number as role_num8_6_ from student student0_
